The system is: Linux - 5.14.0-162.18.1.el9_1.x86_64 - x86_64
Compiling the CXX compiler identification source file "CMakeCXXCompilerId.cpp" succeeded.
Compiler: /opt/rocm-6.0.2//bin/hipcc 
Build flags: 
Id flags:  

The output was:
0


Compilation of the CXX compiler identification source "CMakeCXXCompilerId.cpp" produced "a.out"

The CXX compiler identification is Clang, found in "/work1/lbl/nanding/msg_roofline/apps/rocshmem/build/CMakeFiles/3.25.2/CompilerIdCXX/a.out"

Detecting CXX compiler ABI info compiled with the following output:
Change Dir: /work1/lbl/nanding/msg_roofline/apps/rocshmem/build/CMakeFiles/CMakeScratch/TryCompile-ginSE1

Run Build Command(s):/usr/bin/gmake -f Makefile cmTC_65882/fast && /usr/bin/gmake  -f CMakeFiles/cmTC_65882.dir/build.make CMakeFiles/cmTC_65882.dir/build
gmake[1]: Entering directory '/work1/lbl/nanding/msg_roofline/apps/rocshmem/build/CMakeFiles/CMakeScratch/TryCompile-ginSE1'
Building CXX object CMakeFiles/cmTC_65882.dir/CMakeCXXCompilerABI.cpp.o
/opt/rocm-6.0.2//bin/hipcc   -v -std=gnu++20 -MD -MT CMakeFiles/cmTC_65882.dir/CMakeCXXCompilerABI.cpp.o -MF CMakeFiles/cmTC_65882.dir/CMakeCXXCompilerABI.cpp.o.d -o CMakeFiles/cmTC_65882.dir/CMakeCXXCompilerABI.cpp.o -c /opt/ohpc/pub/utils/cmake/3.25.2/share/cmake-3.25/Modules/CMakeCXXCompilerABI.cpp
AMD clang version 17.0.0 (https://github.com/RadeonOpenCompute/llvm-project roc-6.0.2 24012 af27734ed982b52a9f1be0f035ac91726fc697e4)
Target: x86_64-unknown-linux-gnu
Thread model: posix
InstalledDir: /opt/rocm-6.0.2/llvm/bin
Configuration file: /opt/rocm-6.0.2/lib/llvm/bin/clang.cfg
Found candidate GCC installation: /usr/lib/gcc/x86_64-redhat-linux/11
Selected GCC installation: /usr/lib/gcc/x86_64-redhat-linux/11
Candidate multilib: .;@m64
Candidate multilib: 32;@m32
Selected multilib: .;@m64
Found HIP installation: /opt/rocm-6.0.2/lib/llvm/bin/../../.., version 6.0.32831
 "/opt/rocm-6.0.2/lib/llvm/bin/clang-17" -cc1 -triple amdgcn-amd-amdhsa -aux-triple x86_64-unknown-linux-gnu -emit-obj -disable-free -clear-ast-before-backend -disable-llvm-verifier -discard-value-names -main-file-name CMakeCXXCompilerABI.cpp -mrelocation-model pic -pic-level 2 -fhalf-no-semantic-interposition -mframe-pointer=none -fno-rounding-math -mconstructor-aliases -aux-target-cpu x86-64 -fcuda-is-device -mllvm -amdgpu-internalize-symbols -fcuda-allow-variadic-functions -fvisibility=hidden -fapply-global-visibility-to-externs -mlink-builtin-bitcode /opt/rocm-6.0.2/lib/llvm/lib/clang/17.0.0/lib/amdgcn/bitcode/hip.bc -mlink-builtin-bitcode /opt/rocm-6.0.2/lib/llvm/lib/clang/17.0.0/lib/amdgcn/bitcode/ocml.bc -mlink-builtin-bitcode /opt/rocm-6.0.2/lib/llvm/lib/clang/17.0.0/lib/amdgcn/bitcode/ockl.bc -mlink-builtin-bitcode /opt/rocm-6.0.2/lib/llvm/lib/clang/17.0.0/lib/amdgcn/bitcode/oclc_daz_opt_off.bc -mlink-builtin-bitcode /opt/rocm-6.0.2/lib/llvm/lib/clang/17.0.0/lib/amdgcn/bitcode/oclc_unsafe_math_off.bc -mlink-builtin-bitcode /opt/rocm-6.0.2/lib/llvm/lib/clang/17.0.0/lib/amdgcn/bitcode/oclc_finite_only_off.bc -mlink-builtin-bitcode /opt/rocm-6.0.2/lib/llvm/lib/clang/17.0.0/lib/amdgcn/bitcode/oclc_correctly_rounded_sqrt_on.bc -mlink-builtin-bitcode /opt/rocm-6.0.2/lib/llvm/lib/clang/17.0.0/lib/amdgcn/bitcode/oclc_wavefrontsize64_on.bc -mlink-builtin-bitcode /opt/rocm-6.0.2/lib/llvm/lib/clang/17.0.0/lib/amdgcn/bitcode/oclc_isa_version_908.bc -mlink-builtin-bitcode /opt/rocm-6.0.2/lib/llvm/lib/clang/17.0.0/lib/amdgcn/bitcode/oclc_abi_version_500.bc -target-cpu gfx908 -debugger-tuning=gdb -v -resource-dir /opt/rocm-6.0.2/lib/llvm/lib/clang/17.0.0 -dependency-file CMakeFiles/cmTC_65882.dir/CMakeCXXCompilerABI.cpp.o.d -MT CMakeFiles/cmTC_65882.dir/CMakeCXXCompilerABI.cpp.o -sys-header-deps -internal-isystem /opt/rocm-6.0.2/lib/llvm/lib/clang/17.0.0/include/cuda_wrappers -idirafter /opt/rocm-6.0.2/lib/llvm/bin/../../../include -include __clang_hip_runtime_wrapper.h -c-isystem /opt/rocm-6.0.2/llvm/include/gpu-none-llvm -isystem /opt/rocm-6.0.2/include -internal-isystem /usr/lib/gcc/x86_64-redhat-linux/11/../../../../include/c++/11 -internal-isystem /usr/lib/gcc/x86_64-redhat-linux/11/../../../../include/c++/11/x86_64-redhat-linux -internal-isystem /usr/lib/gcc/x86_64-redhat-linux/11/../../../../include/c++/11/backward -internal-isystem /usr/lib/gcc/x86_64-redhat-linux/11/../../../../include/c++/11 -internal-isystem /usr/lib/gcc/x86_64-redhat-linux/11/../../../../include/c++/11/x86_64-redhat-linux -internal-isystem /usr/lib/gcc/x86_64-redhat-linux/11/../../../../include/c++/11/backward -internal-isystem /opt/rocm-6.0.2/lib/llvm/lib/clang/17.0.0/include -internal-isystem /usr/local/include -internal-isystem /usr/lib/gcc/x86_64-redhat-linux/11/../../../../x86_64-redhat-linux/include -internal-externc-isystem /include -internal-externc-isystem /usr/include -internal-isystem /opt/rocm-6.0.2/lib/llvm/lib/clang/17.0.0/include -internal-isystem /usr/local/include -internal-isystem /usr/lib/gcc/x86_64-redhat-linux/11/../../../../x86_64-redhat-linux/include -internal-externc-isystem /include -internal-externc-isystem /usr/include -O3 -std=gnu++20 -fdeprecated-macro -fno-autolink -fdebug-compilation-dir=/work1/lbl/nanding/msg_roofline/apps/rocshmem/build/CMakeFiles/CMakeScratch/TryCompile-ginSE1 -ferror-limit 19 -fhip-new-launch-api -fgnuc-version=4.2.1 -fcxx-exceptions -fexceptions -vectorize-loops -vectorize-slp -mllvm -amdgpu-early-inline-all=true -mllvm -amdgpu-function-calls=false -cuid=b7503fefc54a1606 -fcuda-allow-variadic-functions -faddrsig -D__GCC_HAVE_DWARF2_CFI_ASM=1 -o /tmp/CMakeCXXCompilerABI-gfx908-3020b6.o -x hip /opt/ohpc/pub/utils/cmake/3.25.2/share/cmake-3.25/Modules/CMakeCXXCompilerABI.cpp
clang -cc1 version 17.0.0 based upon LLVM 17.0.0git default target x86_64-unknown-linux-gnu
ignoring nonexistent directory "/opt/rocm-6.0.2/llvm/include/gpu-none-llvm"
ignoring nonexistent directory "/usr/lib/gcc/x86_64-redhat-linux/11/../../../../x86_64-redhat-linux/include"
ignoring nonexistent directory "/include"
ignoring nonexistent directory "/usr/lib/gcc/x86_64-redhat-linux/11/../../../../x86_64-redhat-linux/include"
ignoring nonexistent directory "/include"
ignoring duplicate directory "/usr/lib/gcc/x86_64-redhat-linux/11/../../../../include/c++/11"
ignoring duplicate directory "/usr/lib/gcc/x86_64-redhat-linux/11/../../../../include/c++/11/x86_64-redhat-linux"
ignoring duplicate directory "/usr/lib/gcc/x86_64-redhat-linux/11/../../../../include/c++/11/backward"
ignoring duplicate directory "/opt/rocm-6.0.2/lib/llvm/lib/clang/17.0.0/include"
ignoring duplicate directory "/usr/local/include"
ignoring duplicate directory "/usr/include"
ignoring duplicate directory "/usr/local/include"
ignoring duplicate directory "/opt/rocm-6.0.2/lib/llvm/lib/clang/17.0.0/include"
ignoring duplicate directory "/usr/include"
ignoring duplicate directory "/opt/rocm-6.0.2/lib/llvm/bin/../../../include"
#include "..." search starts here:
#include <...> search starts here:
 /opt/rocm-6.0.2/lib/llvm/bin/../../../include
 /opt/rocm-6.0.2/lib/llvm/lib/clang/17.0.0/include/cuda_wrappers
 /usr/lib/gcc/x86_64-redhat-linux/11/../../../../include/c++/11
 /usr/lib/gcc/x86_64-redhat-linux/11/../../../../include/c++/11/x86_64-redhat-linux
 /usr/lib/gcc/x86_64-redhat-linux/11/../../../../include/c++/11/backward
 /opt/rocm-6.0.2/lib/llvm/lib/clang/17.0.0/include
 /usr/local/include
 /usr/include
End of search list.
 "/opt/rocm-6.0.2/llvm/bin/lld" -flavor gnu -m elf64_amdgpu --no-undefined -shared -plugin-opt=-amdgpu-internalize-symbols -plugin-opt=mcpu=gfx908 -plugin-opt=O3 --lto-CGO3 -plugin-opt=-amdgpu-early-inline-all=true -plugin-opt=-amdgpu-function-calls=false --whole-archive -o /tmp/CMakeCXXCompilerABI-gfx908-3bc231.out /tmp/CMakeCXXCompilerABI-gfx908-3020b6.o --no-whole-archive
 "/opt/rocm-6.0.2/llvm/bin/clang-offload-bundler" -type=o -bundle-align=4096 -targets=host-x86_64-unknown-linux,hipv4-amdgcn-amd-amdhsa--gfx908 -input=/dev/null -input=/tmp/CMakeCXXCompilerABI-gfx908-3bc231.out -output=/tmp/CMakeCXXCompilerABI-432367.hipfb
 "/opt/rocm-6.0.2/lib/llvm/bin/clang-17" -cc1 -triple x86_64-unknown-linux-gnu -aux-triple amdgcn-amd-amdhsa -emit-obj -disable-free -clear-ast-before-backend -disable-llvm-verifier -discard-value-names -main-file-name CMakeCXXCompilerABI.cpp -mrelocation-model static -mframe-pointer=none -fmath-errno -fno-rounding-math -mconstructor-aliases -funwind-tables=2 -target-cpu x86-64 -tune-cpu generic -debugger-tuning=gdb -v -fcoverage-compilation-dir=/work1/lbl/nanding/msg_roofline/apps/rocshmem/build/CMakeFiles/CMakeScratch/TryCompile-ginSE1 -resource-dir /opt/rocm-6.0.2/lib/llvm/lib/clang/17.0.0 -dependency-file CMakeFiles/cmTC_65882.dir/CMakeCXXCompilerABI.cpp.o.d -MT CMakeFiles/cmTC_65882.dir/CMakeCXXCompilerABI.cpp.o -sys-header-deps -internal-isystem /opt/rocm-6.0.2/lib/llvm/lib/clang/17.0.0/include/cuda_wrappers -idirafter /opt/rocm-6.0.2/lib/llvm/bin/../../../include -include __clang_hip_runtime_wrapper.h -isystem /opt/rocm-6.0.2/include -internal-isystem /usr/lib/gcc/x86_64-redhat-linux/11/../../../../include/c++/11 -internal-isystem /usr/lib/gcc/x86_64-redhat-linux/11/../../../../include/c++/11/x86_64-redhat-linux -internal-isystem /usr/lib/gcc/x86_64-redhat-linux/11/../../../../include/c++/11/backward -internal-isystem /usr/lib/gcc/x86_64-redhat-linux/11/../../../../include/c++/11 -internal-isystem /usr/lib/gcc/x86_64-redhat-linux/11/../../../../include/c++/11/x86_64-redhat-linux -internal-isystem /usr/lib/gcc/x86_64-redhat-linux/11/../../../../include/c++/11/backward -internal-isystem /opt/rocm-6.0.2/lib/llvm/lib/clang/17.0.0/include -internal-isystem /usr/local/include -internal-isystem /usr/lib/gcc/x86_64-redhat-linux/11/../../../../x86_64-redhat-linux/include -internal-externc-isystem /include -internal-externc-isystem /usr/include -internal-isystem /opt/rocm-6.0.2/lib/llvm/lib/clang/17.0.0/include -internal-isystem /usr/local/include -internal-isystem /usr/lib/gcc/x86_64-redhat-linux/11/../../../../x86_64-redhat-linux/include -internal-externc-isystem /include -internal-externc-isystem /usr/include -O3 -std=gnu++20 -fdeprecated-macro -fdebug-compilation-dir=/work1/lbl/nanding/msg_roofline/apps/rocshmem/build/CMakeFiles/CMakeScratch/TryCompile-ginSE1 -ferror-limit 19 -fhip-new-launch-api -fgnuc-version=4.2.1 -fcxx-exceptions -fexceptions -vectorize-loops -vectorize-slp -mllvm -amdgpu-early-inline-all=true -mllvm -amdgpu-function-calls=false -fcuda-include-gpubinary /tmp/CMakeCXXCompilerABI-432367.hipfb -cuid=b7503fefc54a1606 -fcuda-allow-variadic-functions -faddrsig -D__GCC_HAVE_DWARF2_CFI_ASM=1 -o CMakeFiles/cmTC_65882.dir/CMakeCXXCompilerABI.cpp.o -x hip /opt/ohpc/pub/utils/cmake/3.25.2/share/cmake-3.25/Modules/CMakeCXXCompilerABI.cpp
clang -cc1 version 17.0.0 based upon LLVM 17.0.0git default target x86_64-unknown-linux-gnu
ignoring nonexistent directory "/usr/lib/gcc/x86_64-redhat-linux/11/../../../../x86_64-redhat-linux/include"
ignoring nonexistent directory "/include"
ignoring nonexistent directory "/usr/lib/gcc/x86_64-redhat-linux/11/../../../../x86_64-redhat-linux/include"
ignoring nonexistent directory "/include"
ignoring duplicate directory "/usr/lib/gcc/x86_64-redhat-linux/11/../../../../include/c++/11"
ignoring duplicate directory "/usr/lib/gcc/x86_64-redhat-linux/11/../../../../include/c++/11/x86_64-redhat-linux"
ignoring duplicate directory "/usr/lib/gcc/x86_64-redhat-linux/11/../../../../include/c++/11/backward"
ignoring duplicate directory "/opt/rocm-6.0.2/lib/llvm/lib/clang/17.0.0/include"
ignoring duplicate directory "/usr/local/include"
ignoring duplicate directory "/usr/include"
ignoring duplicate directory "/opt/rocm-6.0.2/lib/llvm/bin/../../../include"
#include "..." search starts here:
#include <...> search starts here:
 /opt/rocm-6.0.2/lib/llvm/bin/../../../include
 /opt/rocm-6.0.2/lib/llvm/lib/clang/17.0.0/include/cuda_wrappers
 /usr/lib/gcc/x86_64-redhat-linux/11/../../../../include/c++/11
 /usr/lib/gcc/x86_64-redhat-linux/11/../../../../include/c++/11/x86_64-redhat-linux
 /usr/lib/gcc/x86_64-redhat-linux/11/../../../../include/c++/11/backward
 /opt/rocm-6.0.2/lib/llvm/lib/clang/17.0.0/include
 /usr/local/include
 /usr/include
End of search list.
Linking CXX executable cmTC_65882
/opt/ohpc/pub/utils/cmake/3.25.2/bin/cmake -E cmake_link_script CMakeFiles/cmTC_65882.dir/link.txt --verbose=1
/opt/rocm-6.0.2//bin/hipcc  -v CMakeFiles/cmTC_65882.dir/CMakeCXXCompilerABI.cpp.o -o cmTC_65882 
AMD clang version 17.0.0 (https://github.com/RadeonOpenCompute/llvm-project roc-6.0.2 24012 af27734ed982b52a9f1be0f035ac91726fc697e4)
Target: x86_64-unknown-linux-gnu
Thread model: posix
InstalledDir: /opt/rocm-6.0.2/llvm/bin
Configuration file: /opt/rocm-6.0.2/lib/llvm/bin/clang++.cfg
Found candidate GCC installation: /usr/lib/gcc/x86_64-redhat-linux/11
Selected GCC installation: /usr/lib/gcc/x86_64-redhat-linux/11
Candidate multilib: .;@m64
Candidate multilib: 32;@m32
Selected multilib: .;@m64
Found HIP installation: /opt/rocm-6.0.2/lib/llvm/bin/../../.., version 6.0.32831
 "/opt/rocm-6.0.2/llvm/bin/ld.lld" --hash-style=gnu --eh-frame-hdr -m elf_x86_64 -dynamic-linker /lib64/ld-linux-x86-64.so.2 -o cmTC_65882 /usr/lib/gcc/x86_64-redhat-linux/11/../../../../lib64/crt1.o /usr/lib/gcc/x86_64-redhat-linux/11/../../../../lib64/crti.o /opt/rocm-6.0.2/lib/llvm/lib/clang/17.0.0/lib/linux/clang_rt.crtbegin-x86_64.o -L/usr/lib/gcc/x86_64-redhat-linux/11 -L/usr/lib/gcc/x86_64-redhat-linux/11/../../../../lib64 -L/lib/../lib64 -L/usr/lib/../lib64 -L/lib -L/usr/lib --enable-new-dtags CMakeFiles/cmTC_65882.dir/CMakeCXXCompilerABI.cpp.o -L/opt/rocm-6.0.2/lib/llvm/bin/../../../lib -rpath /opt/rocm-6.0.2/lib/llvm/bin/../../../lib -lamdhip64 -lstdc++ -lm /opt/rocm-6.0.2/lib/llvm/lib/clang/17.0.0/lib/linux/libclang_rt.builtins-x86_64.a -lgcc_s -lc /opt/rocm-6.0.2/lib/llvm/lib/clang/17.0.0/lib/linux/libclang_rt.builtins-x86_64.a -lgcc_s /opt/rocm-6.0.2/lib/llvm/lib/clang/17.0.0/lib/linux/clang_rt.crtend-x86_64.o /usr/lib/gcc/x86_64-redhat-linux/11/../../../../lib64/crtn.o
gmake[1]: Leaving directory '/work1/lbl/nanding/msg_roofline/apps/rocshmem/build/CMakeFiles/CMakeScratch/TryCompile-ginSE1'



Parsed CXX implicit include dir info from above output: rv=done
  found start of include info
  found start of implicit include info
    add: [/opt/rocm-6.0.2/lib/llvm/bin/../../../include]
    add: [/opt/rocm-6.0.2/lib/llvm/lib/clang/17.0.0/include/cuda_wrappers]
    add: [/usr/lib/gcc/x86_64-redhat-linux/11/../../../../include/c++/11]
    add: [/usr/lib/gcc/x86_64-redhat-linux/11/../../../../include/c++/11/x86_64-redhat-linux]
    add: [/usr/lib/gcc/x86_64-redhat-linux/11/../../../../include/c++/11/backward]
    add: [/opt/rocm-6.0.2/lib/llvm/lib/clang/17.0.0/include]
    add: [/usr/local/include]
    add: [/usr/include]
  end of search list found
  collapse include dir [/opt/rocm-6.0.2/lib/llvm/bin/../../../include] ==> [/opt/rocm-6.0.2/include]
  collapse include dir [/opt/rocm-6.0.2/lib/llvm/lib/clang/17.0.0/include/cuda_wrappers] ==> [/opt/rocm-6.0.2/lib/llvm/lib/clang/17.0.0/include/cuda_wrappers]
  collapse include dir [/usr/lib/gcc/x86_64-redhat-linux/11/../../../../include/c++/11] ==> [/usr/include/c++/11]
  collapse include dir [/usr/lib/gcc/x86_64-redhat-linux/11/../../../../include/c++/11/x86_64-redhat-linux] ==> [/usr/include/c++/11/x86_64-redhat-linux]
  collapse include dir [/usr/lib/gcc/x86_64-redhat-linux/11/../../../../include/c++/11/backward] ==> [/usr/include/c++/11/backward]
  collapse include dir [/opt/rocm-6.0.2/lib/llvm/lib/clang/17.0.0/include] ==> [/opt/rocm-6.0.2/lib/llvm/lib/clang/17.0.0/include]
  collapse include dir [/usr/local/include] ==> [/usr/local/include]
  collapse include dir [/usr/include] ==> [/usr/include]
  implicit include dirs: [/opt/rocm-6.0.2/include;/opt/rocm-6.0.2/lib/llvm/lib/clang/17.0.0/include/cuda_wrappers;/usr/include/c++/11;/usr/include/c++/11/x86_64-redhat-linux;/usr/include/c++/11/backward;/opt/rocm-6.0.2/lib/llvm/lib/clang/17.0.0/include;/usr/local/include;/usr/include]


Parsed CXX implicit link information from above output:
  link line regex: [^( *|.*[/\])(ld|CMAKE_LINK_STARTFILE-NOTFOUND|([^/\]+-)?ld|collect2)[^/\]*( |$)]
  ignore line: [Change Dir: /work1/lbl/nanding/msg_roofline/apps/rocshmem/build/CMakeFiles/CMakeScratch/TryCompile-ginSE1]
  ignore line: []
  ignore line: [Run Build Command(s):/usr/bin/gmake -f Makefile cmTC_65882/fast && /usr/bin/gmake  -f CMakeFiles/cmTC_65882.dir/build.make CMakeFiles/cmTC_65882.dir/build]
  ignore line: [gmake[1]: Entering directory '/work1/lbl/nanding/msg_roofline/apps/rocshmem/build/CMakeFiles/CMakeScratch/TryCompile-ginSE1']
  ignore line: [Building CXX object CMakeFiles/cmTC_65882.dir/CMakeCXXCompilerABI.cpp.o]
  ignore line: [/opt/rocm-6.0.2//bin/hipcc   -v -std=gnu++20 -MD -MT CMakeFiles/cmTC_65882.dir/CMakeCXXCompilerABI.cpp.o -MF CMakeFiles/cmTC_65882.dir/CMakeCXXCompilerABI.cpp.o.d -o CMakeFiles/cmTC_65882.dir/CMakeCXXCompilerABI.cpp.o -c /opt/ohpc/pub/utils/cmake/3.25.2/share/cmake-3.25/Modules/CMakeCXXCompilerABI.cpp]
  ignore line: [AMD clang version 17.0.0 (https://github.com/RadeonOpenCompute/llvm-project roc-6.0.2 24012 af27734ed982b52a9f1be0f035ac91726fc697e4)]
  ignore line: [Target: x86_64-unknown-linux-gnu]
  ignore line: [Thread model: posix]
  ignore line: [InstalledDir: /opt/rocm-6.0.2/llvm/bin]
  ignore line: [Configuration file: /opt/rocm-6.0.2/lib/llvm/bin/clang.cfg]
  ignore line: [Found candidate GCC installation: /usr/lib/gcc/x86_64-redhat-linux/11]
  ignore line: [Selected GCC installation: /usr/lib/gcc/x86_64-redhat-linux/11]
  ignore line: [Candidate multilib: .]
  ignore line: [@m64]
  ignore line: [Candidate multilib: 32]
  ignore line: [@m32]
  ignore line: [Selected multilib: .]
  ignore line: [@m64]
  ignore line: [Found HIP installation: /opt/rocm-6.0.2/lib/llvm/bin/../../..  version 6.0.32831]
  ignore line: [ "/opt/rocm-6.0.2/lib/llvm/bin/clang-17" -cc1 -triple amdgcn-amd-amdhsa -aux-triple x86_64-unknown-linux-gnu -emit-obj -disable-free -clear-ast-before-backend -disable-llvm-verifier -discard-value-names -main-file-name CMakeCXXCompilerABI.cpp -mrelocation-model pic -pic-level 2 -fhalf-no-semantic-interposition -mframe-pointer=none -fno-rounding-math -mconstructor-aliases -aux-target-cpu x86-64 -fcuda-is-device -mllvm -amdgpu-internalize-symbols -fcuda-allow-variadic-functions -fvisibility=hidden -fapply-global-visibility-to-externs -mlink-builtin-bitcode /opt/rocm-6.0.2/lib/llvm/lib/clang/17.0.0/lib/amdgcn/bitcode/hip.bc -mlink-builtin-bitcode /opt/rocm-6.0.2/lib/llvm/lib/clang/17.0.0/lib/amdgcn/bitcode/ocml.bc -mlink-builtin-bitcode /opt/rocm-6.0.2/lib/llvm/lib/clang/17.0.0/lib/amdgcn/bitcode/ockl.bc -mlink-builtin-bitcode /opt/rocm-6.0.2/lib/llvm/lib/clang/17.0.0/lib/amdgcn/bitcode/oclc_daz_opt_off.bc -mlink-builtin-bitcode /opt/rocm-6.0.2/lib/llvm/lib/clang/17.0.0/lib/amdgcn/bitcode/oclc_unsafe_math_off.bc -mlink-builtin-bitcode /opt/rocm-6.0.2/lib/llvm/lib/clang/17.0.0/lib/amdgcn/bitcode/oclc_finite_only_off.bc -mlink-builtin-bitcode /opt/rocm-6.0.2/lib/llvm/lib/clang/17.0.0/lib/amdgcn/bitcode/oclc_correctly_rounded_sqrt_on.bc -mlink-builtin-bitcode /opt/rocm-6.0.2/lib/llvm/lib/clang/17.0.0/lib/amdgcn/bitcode/oclc_wavefrontsize64_on.bc -mlink-builtin-bitcode /opt/rocm-6.0.2/lib/llvm/lib/clang/17.0.0/lib/amdgcn/bitcode/oclc_isa_version_908.bc -mlink-builtin-bitcode /opt/rocm-6.0.2/lib/llvm/lib/clang/17.0.0/lib/amdgcn/bitcode/oclc_abi_version_500.bc -target-cpu gfx908 -debugger-tuning=gdb -v -resource-dir /opt/rocm-6.0.2/lib/llvm/lib/clang/17.0.0 -dependency-file CMakeFiles/cmTC_65882.dir/CMakeCXXCompilerABI.cpp.o.d -MT CMakeFiles/cmTC_65882.dir/CMakeCXXCompilerABI.cpp.o -sys-header-deps -internal-isystem /opt/rocm-6.0.2/lib/llvm/lib/clang/17.0.0/include/cuda_wrappers -idirafter /opt/rocm-6.0.2/lib/llvm/bin/../../../include -include __clang_hip_runtime_wrapper.h -c-isystem /opt/rocm-6.0.2/llvm/include/gpu-none-llvm -isystem /opt/rocm-6.0.2/include -internal-isystem /usr/lib/gcc/x86_64-redhat-linux/11/../../../../include/c++/11 -internal-isystem /usr/lib/gcc/x86_64-redhat-linux/11/../../../../include/c++/11/x86_64-redhat-linux -internal-isystem /usr/lib/gcc/x86_64-redhat-linux/11/../../../../include/c++/11/backward -internal-isystem /usr/lib/gcc/x86_64-redhat-linux/11/../../../../include/c++/11 -internal-isystem /usr/lib/gcc/x86_64-redhat-linux/11/../../../../include/c++/11/x86_64-redhat-linux -internal-isystem /usr/lib/gcc/x86_64-redhat-linux/11/../../../../include/c++/11/backward -internal-isystem /opt/rocm-6.0.2/lib/llvm/lib/clang/17.0.0/include -internal-isystem /usr/local/include -internal-isystem /usr/lib/gcc/x86_64-redhat-linux/11/../../../../x86_64-redhat-linux/include -internal-externc-isystem /include -internal-externc-isystem /usr/include -internal-isystem /opt/rocm-6.0.2/lib/llvm/lib/clang/17.0.0/include -internal-isystem /usr/local/include -internal-isystem /usr/lib/gcc/x86_64-redhat-linux/11/../../../../x86_64-redhat-linux/include -internal-externc-isystem /include -internal-externc-isystem /usr/include -O3 -std=gnu++20 -fdeprecated-macro -fno-autolink -fdebug-compilation-dir=/work1/lbl/nanding/msg_roofline/apps/rocshmem/build/CMakeFiles/CMakeScratch/TryCompile-ginSE1 -ferror-limit 19 -fhip-new-launch-api -fgnuc-version=4.2.1 -fcxx-exceptions -fexceptions -vectorize-loops -vectorize-slp -mllvm -amdgpu-early-inline-all=true -mllvm -amdgpu-function-calls=false -cuid=b7503fefc54a1606 -fcuda-allow-variadic-functions -faddrsig -D__GCC_HAVE_DWARF2_CFI_ASM=1 -o /tmp/CMakeCXXCompilerABI-gfx908-3020b6.o -x hip /opt/ohpc/pub/utils/cmake/3.25.2/share/cmake-3.25/Modules/CMakeCXXCompilerABI.cpp]
  ignore line: [clang -cc1 version 17.0.0 based upon LLVM 17.0.0git default target x86_64-unknown-linux-gnu]
  ignore line: [ignoring nonexistent directory "/opt/rocm-6.0.2/llvm/include/gpu-none-llvm"]
  ignore line: [ignoring nonexistent directory "/usr/lib/gcc/x86_64-redhat-linux/11/../../../../x86_64-redhat-linux/include"]
  ignore line: [ignoring nonexistent directory "/include"]
  ignore line: [ignoring nonexistent directory "/usr/lib/gcc/x86_64-redhat-linux/11/../../../../x86_64-redhat-linux/include"]
  ignore line: [ignoring nonexistent directory "/include"]
  ignore line: [ignoring duplicate directory "/usr/lib/gcc/x86_64-redhat-linux/11/../../../../include/c++/11"]
  ignore line: [ignoring duplicate directory "/usr/lib/gcc/x86_64-redhat-linux/11/../../../../include/c++/11/x86_64-redhat-linux"]
  ignore line: [ignoring duplicate directory "/usr/lib/gcc/x86_64-redhat-linux/11/../../../../include/c++/11/backward"]
  ignore line: [ignoring duplicate directory "/opt/rocm-6.0.2/lib/llvm/lib/clang/17.0.0/include"]
  ignore line: [ignoring duplicate directory "/usr/local/include"]
  ignore line: [ignoring duplicate directory "/usr/include"]
  ignore line: [ignoring duplicate directory "/usr/local/include"]
  ignore line: [ignoring duplicate directory "/opt/rocm-6.0.2/lib/llvm/lib/clang/17.0.0/include"]
  ignore line: [ignoring duplicate directory "/usr/include"]
  ignore line: [ignoring duplicate directory "/opt/rocm-6.0.2/lib/llvm/bin/../../../include"]
  ignore line: [#include "..." search starts here:]
  ignore line: [#include <...> search starts here:]
  ignore line: [ /opt/rocm-6.0.2/lib/llvm/bin/../../../include]
  ignore line: [ /opt/rocm-6.0.2/lib/llvm/lib/clang/17.0.0/include/cuda_wrappers]
  ignore line: [ /usr/lib/gcc/x86_64-redhat-linux/11/../../../../include/c++/11]
  ignore line: [ /usr/lib/gcc/x86_64-redhat-linux/11/../../../../include/c++/11/x86_64-redhat-linux]
  ignore line: [ /usr/lib/gcc/x86_64-redhat-linux/11/../../../../include/c++/11/backward]
  ignore line: [ /opt/rocm-6.0.2/lib/llvm/lib/clang/17.0.0/include]
  ignore line: [ /usr/local/include]
  ignore line: [ /usr/include]
  ignore line: [End of search list.]
  ignore line: [ "/opt/rocm-6.0.2/llvm/bin/lld" -flavor gnu -m elf64_amdgpu --no-undefined -shared -plugin-opt=-amdgpu-internalize-symbols -plugin-opt=mcpu=gfx908 -plugin-opt=O3 --lto-CGO3 -plugin-opt=-amdgpu-early-inline-all=true -plugin-opt=-amdgpu-function-calls=false --whole-archive -o /tmp/CMakeCXXCompilerABI-gfx908-3bc231.out /tmp/CMakeCXXCompilerABI-gfx908-3020b6.o --no-whole-archive]
  ignore line: [ "/opt/rocm-6.0.2/llvm/bin/clang-offload-bundler" -type=o -bundle-align=4096 -targets=host-x86_64-unknown-linux hipv4-amdgcn-amd-amdhsa--gfx908 -input=/dev/null -input=/tmp/CMakeCXXCompilerABI-gfx908-3bc231.out -output=/tmp/CMakeCXXCompilerABI-432367.hipfb]
  ignore line: [ "/opt/rocm-6.0.2/lib/llvm/bin/clang-17" -cc1 -triple x86_64-unknown-linux-gnu -aux-triple amdgcn-amd-amdhsa -emit-obj -disable-free -clear-ast-before-backend -disable-llvm-verifier -discard-value-names -main-file-name CMakeCXXCompilerABI.cpp -mrelocation-model static -mframe-pointer=none -fmath-errno -fno-rounding-math -mconstructor-aliases -funwind-tables=2 -target-cpu x86-64 -tune-cpu generic -debugger-tuning=gdb -v -fcoverage-compilation-dir=/work1/lbl/nanding/msg_roofline/apps/rocshmem/build/CMakeFiles/CMakeScratch/TryCompile-ginSE1 -resource-dir /opt/rocm-6.0.2/lib/llvm/lib/clang/17.0.0 -dependency-file CMakeFiles/cmTC_65882.dir/CMakeCXXCompilerABI.cpp.o.d -MT CMakeFiles/cmTC_65882.dir/CMakeCXXCompilerABI.cpp.o -sys-header-deps -internal-isystem /opt/rocm-6.0.2/lib/llvm/lib/clang/17.0.0/include/cuda_wrappers -idirafter /opt/rocm-6.0.2/lib/llvm/bin/../../../include -include __clang_hip_runtime_wrapper.h -isystem /opt/rocm-6.0.2/include -internal-isystem /usr/lib/gcc/x86_64-redhat-linux/11/../../../../include/c++/11 -internal-isystem /usr/lib/gcc/x86_64-redhat-linux/11/../../../../include/c++/11/x86_64-redhat-linux -internal-isystem /usr/lib/gcc/x86_64-redhat-linux/11/../../../../include/c++/11/backward -internal-isystem /usr/lib/gcc/x86_64-redhat-linux/11/../../../../include/c++/11 -internal-isystem /usr/lib/gcc/x86_64-redhat-linux/11/../../../../include/c++/11/x86_64-redhat-linux -internal-isystem /usr/lib/gcc/x86_64-redhat-linux/11/../../../../include/c++/11/backward -internal-isystem /opt/rocm-6.0.2/lib/llvm/lib/clang/17.0.0/include -internal-isystem /usr/local/include -internal-isystem /usr/lib/gcc/x86_64-redhat-linux/11/../../../../x86_64-redhat-linux/include -internal-externc-isystem /include -internal-externc-isystem /usr/include -internal-isystem /opt/rocm-6.0.2/lib/llvm/lib/clang/17.0.0/include -internal-isystem /usr/local/include -internal-isystem /usr/lib/gcc/x86_64-redhat-linux/11/../../../../x86_64-redhat-linux/include -internal-externc-isystem /include -internal-externc-isystem /usr/include -O3 -std=gnu++20 -fdeprecated-macro -fdebug-compilation-dir=/work1/lbl/nanding/msg_roofline/apps/rocshmem/build/CMakeFiles/CMakeScratch/TryCompile-ginSE1 -ferror-limit 19 -fhip-new-launch-api -fgnuc-version=4.2.1 -fcxx-exceptions -fexceptions -vectorize-loops -vectorize-slp -mllvm -amdgpu-early-inline-all=true -mllvm -amdgpu-function-calls=false -fcuda-include-gpubinary /tmp/CMakeCXXCompilerABI-432367.hipfb -cuid=b7503fefc54a1606 -fcuda-allow-variadic-functions -faddrsig -D__GCC_HAVE_DWARF2_CFI_ASM=1 -o CMakeFiles/cmTC_65882.dir/CMakeCXXCompilerABI.cpp.o -x hip /opt/ohpc/pub/utils/cmake/3.25.2/share/cmake-3.25/Modules/CMakeCXXCompilerABI.cpp]
  ignore line: [clang -cc1 version 17.0.0 based upon LLVM 17.0.0git default target x86_64-unknown-linux-gnu]
  ignore line: [ignoring nonexistent directory "/usr/lib/gcc/x86_64-redhat-linux/11/../../../../x86_64-redhat-linux/include"]
  ignore line: [ignoring nonexistent directory "/include"]
  ignore line: [ignoring nonexistent directory "/usr/lib/gcc/x86_64-redhat-linux/11/../../../../x86_64-redhat-linux/include"]
  ignore line: [ignoring nonexistent directory "/include"]
  ignore line: [ignoring duplicate directory "/usr/lib/gcc/x86_64-redhat-linux/11/../../../../include/c++/11"]
  ignore line: [ignoring duplicate directory "/usr/lib/gcc/x86_64-redhat-linux/11/../../../../include/c++/11/x86_64-redhat-linux"]
  ignore line: [ignoring duplicate directory "/usr/lib/gcc/x86_64-redhat-linux/11/../../../../include/c++/11/backward"]
  ignore line: [ignoring duplicate directory "/opt/rocm-6.0.2/lib/llvm/lib/clang/17.0.0/include"]
  ignore line: [ignoring duplicate directory "/usr/local/include"]
  ignore line: [ignoring duplicate directory "/usr/include"]
  ignore line: [ignoring duplicate directory "/opt/rocm-6.0.2/lib/llvm/bin/../../../include"]
  ignore line: [#include "..." search starts here:]
  ignore line: [#include <...> search starts here:]
  ignore line: [ /opt/rocm-6.0.2/lib/llvm/bin/../../../include]
  ignore line: [ /opt/rocm-6.0.2/lib/llvm/lib/clang/17.0.0/include/cuda_wrappers]
  ignore line: [ /usr/lib/gcc/x86_64-redhat-linux/11/../../../../include/c++/11]
  ignore line: [ /usr/lib/gcc/x86_64-redhat-linux/11/../../../../include/c++/11/x86_64-redhat-linux]
  ignore line: [ /usr/lib/gcc/x86_64-redhat-linux/11/../../../../include/c++/11/backward]
  ignore line: [ /opt/rocm-6.0.2/lib/llvm/lib/clang/17.0.0/include]
  ignore line: [ /usr/local/include]
  ignore line: [ /usr/include]
  ignore line: [End of search list.]
  ignore line: [Linking CXX executable cmTC_65882]
  ignore line: [/opt/ohpc/pub/utils/cmake/3.25.2/bin/cmake -E cmake_link_script CMakeFiles/cmTC_65882.dir/link.txt --verbose=1]
  ignore line: [/opt/rocm-6.0.2//bin/hipcc  -v CMakeFiles/cmTC_65882.dir/CMakeCXXCompilerABI.cpp.o -o cmTC_65882 ]
  ignore line: [AMD clang version 17.0.0 (https://github.com/RadeonOpenCompute/llvm-project roc-6.0.2 24012 af27734ed982b52a9f1be0f035ac91726fc697e4)]
  ignore line: [Target: x86_64-unknown-linux-gnu]
  ignore line: [Thread model: posix]
  ignore line: [InstalledDir: /opt/rocm-6.0.2/llvm/bin]
  ignore line: [Configuration file: /opt/rocm-6.0.2/lib/llvm/bin/clang++.cfg]
  ignore line: [Found candidate GCC installation: /usr/lib/gcc/x86_64-redhat-linux/11]
  ignore line: [Selected GCC installation: /usr/lib/gcc/x86_64-redhat-linux/11]
  ignore line: [Candidate multilib: .]
  ignore line: [@m64]
  ignore line: [Candidate multilib: 32]
  ignore line: [@m32]
  ignore line: [Selected multilib: .]
  ignore line: [@m64]
  ignore line: [Found HIP installation: /opt/rocm-6.0.2/lib/llvm/bin/../../..  version 6.0.32831]
  link line: [ "/opt/rocm-6.0.2/llvm/bin/ld.lld" --hash-style=gnu --eh-frame-hdr -m elf_x86_64 -dynamic-linker /lib64/ld-linux-x86-64.so.2 -o cmTC_65882 /usr/lib/gcc/x86_64-redhat-linux/11/../../../../lib64/crt1.o /usr/lib/gcc/x86_64-redhat-linux/11/../../../../lib64/crti.o /opt/rocm-6.0.2/lib/llvm/lib/clang/17.0.0/lib/linux/clang_rt.crtbegin-x86_64.o -L/usr/lib/gcc/x86_64-redhat-linux/11 -L/usr/lib/gcc/x86_64-redhat-linux/11/../../../../lib64 -L/lib/../lib64 -L/usr/lib/../lib64 -L/lib -L/usr/lib --enable-new-dtags CMakeFiles/cmTC_65882.dir/CMakeCXXCompilerABI.cpp.o -L/opt/rocm-6.0.2/lib/llvm/bin/../../../lib -rpath /opt/rocm-6.0.2/lib/llvm/bin/../../../lib -lamdhip64 -lstdc++ -lm /opt/rocm-6.0.2/lib/llvm/lib/clang/17.0.0/lib/linux/libclang_rt.builtins-x86_64.a -lgcc_s -lc /opt/rocm-6.0.2/lib/llvm/lib/clang/17.0.0/lib/linux/libclang_rt.builtins-x86_64.a -lgcc_s /opt/rocm-6.0.2/lib/llvm/lib/clang/17.0.0/lib/linux/clang_rt.crtend-x86_64.o /usr/lib/gcc/x86_64-redhat-linux/11/../../../../lib64/crtn.o]
    arg [/opt/rocm-6.0.2/llvm/bin/ld.lld] ==> ignore
    arg [--hash-style=gnu] ==> ignore
    arg [--eh-frame-hdr] ==> ignore
    arg [-m] ==> ignore
    arg [elf_x86_64] ==> ignore
    arg [-dynamic-linker] ==> ignore
    arg [/lib64/ld-linux-x86-64.so.2] ==> ignore
    arg [-o] ==> ignore
    arg [cmTC_65882] ==> ignore
    arg [/usr/lib/gcc/x86_64-redhat-linux/11/../../../../lib64/crt1.o] ==> obj [/usr/lib/gcc/x86_64-redhat-linux/11/../../../../lib64/crt1.o]
    arg [/usr/lib/gcc/x86_64-redhat-linux/11/../../../../lib64/crti.o] ==> obj [/usr/lib/gcc/x86_64-redhat-linux/11/../../../../lib64/crti.o]
    arg [/opt/rocm-6.0.2/lib/llvm/lib/clang/17.0.0/lib/linux/clang_rt.crtbegin-x86_64.o] ==> obj [/opt/rocm-6.0.2/lib/llvm/lib/clang/17.0.0/lib/linux/clang_rt.crtbegin-x86_64.o]
    arg [-L/usr/lib/gcc/x86_64-redhat-linux/11] ==> dir [/usr/lib/gcc/x86_64-redhat-linux/11]
    arg [-L/usr/lib/gcc/x86_64-redhat-linux/11/../../../../lib64] ==> dir [/usr/lib/gcc/x86_64-redhat-linux/11/../../../../lib64]
    arg [-L/lib/../lib64] ==> dir [/lib/../lib64]
    arg [-L/usr/lib/../lib64] ==> dir [/usr/lib/../lib64]
    arg [-L/lib] ==> dir [/lib]
    arg [-L/usr/lib] ==> dir [/usr/lib]
    arg [--enable-new-dtags] ==> ignore
    arg [CMakeFiles/cmTC_65882.dir/CMakeCXXCompilerABI.cpp.o] ==> ignore
    arg [-L/opt/rocm-6.0.2/lib/llvm/bin/../../../lib] ==> dir [/opt/rocm-6.0.2/lib/llvm/bin/../../../lib]
    arg [-rpath] ==> ignore
    arg [/opt/rocm-6.0.2/lib/llvm/bin/../../../lib] ==> ignore
    arg [-lamdhip64] ==> lib [amdhip64]
    arg [-lstdc++] ==> lib [stdc++]
    arg [-lm] ==> lib [m]
    arg [/opt/rocm-6.0.2/lib/llvm/lib/clang/17.0.0/lib/linux/libclang_rt.builtins-x86_64.a] ==> lib [/opt/rocm-6.0.2/lib/llvm/lib/clang/17.0.0/lib/linux/libclang_rt.builtins-x86_64.a]
    arg [-lgcc_s] ==> lib [gcc_s]
    arg [-lc] ==> lib [c]
    arg [/opt/rocm-6.0.2/lib/llvm/lib/clang/17.0.0/lib/linux/libclang_rt.builtins-x86_64.a] ==> lib [/opt/rocm-6.0.2/lib/llvm/lib/clang/17.0.0/lib/linux/libclang_rt.builtins-x86_64.a]
    arg [-lgcc_s] ==> lib [gcc_s]
    arg [/opt/rocm-6.0.2/lib/llvm/lib/clang/17.0.0/lib/linux/clang_rt.crtend-x86_64.o] ==> obj [/opt/rocm-6.0.2/lib/llvm/lib/clang/17.0.0/lib/linux/clang_rt.crtend-x86_64.o]
    arg [/usr/lib/gcc/x86_64-redhat-linux/11/../../../../lib64/crtn.o] ==> obj [/usr/lib/gcc/x86_64-redhat-linux/11/../../../../lib64/crtn.o]
  remove lib [/opt/rocm-6.0.2/lib/llvm/lib/clang/17.0.0/lib/linux/libclang_rt.builtins-x86_64.a]
  remove lib [/opt/rocm-6.0.2/lib/llvm/lib/clang/17.0.0/lib/linux/libclang_rt.builtins-x86_64.a]
  collapse obj [/usr/lib/gcc/x86_64-redhat-linux/11/../../../../lib64/crt1.o] ==> [/usr/lib64/crt1.o]
  collapse obj [/usr/lib/gcc/x86_64-redhat-linux/11/../../../../lib64/crti.o] ==> [/usr/lib64/crti.o]
  collapse obj [/usr/lib/gcc/x86_64-redhat-linux/11/../../../../lib64/crtn.o] ==> [/usr/lib64/crtn.o]
  collapse library dir [/usr/lib/gcc/x86_64-redhat-linux/11] ==> [/usr/lib/gcc/x86_64-redhat-linux/11]
  collapse library dir [/usr/lib/gcc/x86_64-redhat-linux/11/../../../../lib64] ==> [/usr/lib64]
  collapse library dir [/lib/../lib64] ==> [/lib64]
  collapse library dir [/usr/lib/../lib64] ==> [/usr/lib64]
  collapse library dir [/lib] ==> [/lib]
  collapse library dir [/usr/lib] ==> [/usr/lib]
  collapse library dir [/opt/rocm-6.0.2/lib/llvm/bin/../../../lib] ==> [/opt/rocm-6.0.2/lib]
  implicit libs: [amdhip64;stdc++;m;gcc_s;c;gcc_s]
  implicit objs: [/usr/lib64/crt1.o;/usr/lib64/crti.o;/opt/rocm-6.0.2/lib/llvm/lib/clang/17.0.0/lib/linux/clang_rt.crtbegin-x86_64.o;/opt/rocm-6.0.2/lib/llvm/lib/clang/17.0.0/lib/linux/clang_rt.crtend-x86_64.o;/usr/lib64/crtn.o]
  implicit dirs: [/usr/lib/gcc/x86_64-redhat-linux/11;/usr/lib64;/lib64;/lib;/usr/lib;/opt/rocm-6.0.2/lib]
  implicit fwks: []


Performing C++ SOURCE FILE Test CMAKE_HAVE_LIBC_PTHREAD succeeded with the following output:
Change Dir: /work1/lbl/nanding/msg_roofline/apps/rocshmem/build/CMakeFiles/CMakeScratch/TryCompile-riYKzf

Run Build Command(s):/usr/bin/gmake -f Makefile cmTC_9501f/fast && /usr/bin/gmake  -f CMakeFiles/cmTC_9501f.dir/build.make CMakeFiles/cmTC_9501f.dir/build
gmake[1]: Entering directory '/work1/lbl/nanding/msg_roofline/apps/rocshmem/build/CMakeFiles/CMakeScratch/TryCompile-riYKzf'
Building CXX object CMakeFiles/cmTC_9501f.dir/src.cxx.o
/opt/rocm-6.0.2//bin/hipcc -DCMAKE_HAVE_LIBC_PTHREAD  -std=gnu++20 -MD -MT CMakeFiles/cmTC_9501f.dir/src.cxx.o -MF CMakeFiles/cmTC_9501f.dir/src.cxx.o.d -o CMakeFiles/cmTC_9501f.dir/src.cxx.o -c /work1/lbl/nanding/msg_roofline/apps/rocshmem/build/CMakeFiles/CMakeScratch/TryCompile-riYKzf/src.cxx
Linking CXX executable cmTC_9501f
/opt/ohpc/pub/utils/cmake/3.25.2/bin/cmake -E cmake_link_script CMakeFiles/cmTC_9501f.dir/link.txt --verbose=1
/opt/rocm-6.0.2//bin/hipcc CMakeFiles/cmTC_9501f.dir/src.cxx.o -o cmTC_9501f 
gmake[1]: Leaving directory '/work1/lbl/nanding/msg_roofline/apps/rocshmem/build/CMakeFiles/CMakeScratch/TryCompile-riYKzf'


Source file was:
#include <pthread.h>

static void* test_func(void* data)
{
  return data;
}

int main(void)
{
  pthread_t thread;
  pthread_create(&thread, NULL, test_func, NULL);
  pthread_detach(thread);
  pthread_cancel(thread);
  pthread_join(thread, NULL);
  pthread_atfork(NULL, NULL, NULL);
  pthread_exit(NULL);

  return 0;
}


Performing C++ SOURCE FILE Test HIP_CLANG_SUPPORTS_PARALLEL_JOBS succeeded with the following output:
Change Dir: /work1/lbl/nanding/msg_roofline/apps/rocshmem/build/CMakeFiles/CMakeScratch/TryCompile-CLAFVW

Run Build Command(s):/usr/bin/gmake -f Makefile cmTC_3f4e8/fast && /usr/bin/gmake  -f CMakeFiles/cmTC_3f4e8.dir/build.make CMakeFiles/cmTC_3f4e8.dir/build
gmake[1]: Entering directory '/work1/lbl/nanding/msg_roofline/apps/rocshmem/build/CMakeFiles/CMakeScratch/TryCompile-CLAFVW'
Building CXX object CMakeFiles/cmTC_3f4e8.dir/src.cxx.o
/opt/rocm-6.0.2//bin/hipcc -DHIP_CLANG_SUPPORTS_PARALLEL_JOBS  -parallel-jobs=1 -std=gnu++20 -MD -MT CMakeFiles/cmTC_3f4e8.dir/src.cxx.o -MF CMakeFiles/cmTC_3f4e8.dir/src.cxx.o.d -o CMakeFiles/cmTC_3f4e8.dir/src.cxx.o -c /work1/lbl/nanding/msg_roofline/apps/rocshmem/build/CMakeFiles/CMakeScratch/TryCompile-CLAFVW/src.cxx
Linking CXX executable cmTC_3f4e8
/opt/ohpc/pub/utils/cmake/3.25.2/bin/cmake -E cmake_link_script CMakeFiles/cmTC_3f4e8.dir/link.txt --verbose=1
/opt/rocm-6.0.2//bin/hipcc CMakeFiles/cmTC_3f4e8.dir/src.cxx.o -o cmTC_3f4e8 
gmake[1]: Leaving directory '/work1/lbl/nanding/msg_roofline/apps/rocshmem/build/CMakeFiles/CMakeScratch/TryCompile-CLAFVW'


Source file was:
int main() { return 0; }

